[2019-05-22 17:22:25] 
			РўРµРєСЃС‚ РѕС€РёР±РєРё: РЎС‚СЂР°РЅРёС†Р° РЅРµ РЅР°Р№РґРµРЅР° | Р¤Р°Р№Р»: C:\OSPanel\domains\ishop2.loc\public\index.php| РЎС‚СЂРѕРєР°:6
--------------
[2019-05-22 17:22:25] 
			РўРµРєСЃС‚ РѕС€РёР±РєРё: РЎС‚СЂР°РЅРёС†Р° РЅРµ РЅР°Р№РґРµРЅР° | Р¤Р°Р№Р»: C:\OSPanel\domains\ishop2.loc\public\index.php| РЎС‚СЂРѕРєР°:6
--------------
[2019-05-22 17:23:01] 
			РўРµРєСЃС‚ РѕС€РёР±РєРё: РЎС‚СЂР°РЅРёС†Р° РЅРµ РЅР°Р№РґРµРЅР° | Р¤Р°Р№Р»: C:\OSPanel\domains\ishop2.loc\public\index.php| РЎС‚СЂРѕРєР°:6
--------------
[2019-05-22 17:23:11] 
			РўРµРєСЃС‚ РѕС€РёР±РєРё: РЎС‚СЂР°РЅРёС†Р° РЅРµ РЅР°Р№РґРµРЅР° | Р¤Р°Р№Р»: C:\OSPanel\domains\ishop2.loc\public\index.php| РЎС‚СЂРѕРєР°:6
--------------
[2019-05-22 17:23:20] 
			РўРµРєСЃС‚ РѕС€РёР±РєРё: РЎС‚СЂР°РЅРёС†Р° РЅРµ РЅР°Р№РґРµРЅР° | Р¤Р°Р№Р»: C:\OSPanel\domains\ishop2.loc\public\index.php| РЎС‚СЂРѕРєР°:6
--------------
[2019-05-22 17:23:27] 
			РўРµРєСЃС‚ РѕС€РёР±РєРё: РЎС‚СЂР°РЅРёС†Р° РЅРµ РЅР°Р№РґРµРЅР° | Р¤Р°Р№Р»: C:\OSPanel\domains\ishop2.loc\public\index.php| РЎС‚СЂРѕРєР°:6
--------------
[2019-05-22 17:23:50] 
			РўРµРєСЃС‚ РѕС€РёР±РєРё: РЎС‚СЂР°РЅРёС†Р° РЅРµ РЅР°Р№РґРµРЅР° | Р¤Р°Р№Р»: C:\OSPanel\domains\ishop2.loc\public\index.php| РЎС‚СЂРѕРєР°:6
--------------
[2019-05-22 17:32:37] 
			РўРµРєСЃС‚ РѕС€РёР±РєРё: РЎС‚СЂР°РЅРёС†Р° РЅРµ РЅР°Р№РґРµРЅР° | Р¤Р°Р№Р»: C:\OSPanel\domains\ishop2.loc\public\index.php| РЎС‚СЂРѕРєР°:6
--------------
[2019-05-22 17:32:46] 
			РўРµРєСЃС‚ РѕС€РёР±РєРё: РЎС‚СЂР°РЅРёС†Р° РЅРµ РЅР°Р№РґРµРЅР° | Р¤Р°Р№Р»: C:\OSPanel\domains\ishop2.loc\public\index.php| РЎС‚СЂРѕРєР°:6
--------------
[2019-05-22 17:32:46] 
			РўРµРєСЃС‚ РѕС€РёР±РєРё: РЎС‚СЂР°РЅРёС†Р° РЅРµ РЅР°Р№РґРµРЅР° | Р¤Р°Р№Р»: C:\OSPanel\domains\ishop2.loc\public\index.php| РЎС‚СЂРѕРєР°:6
--------------
[2019-05-22 17:32:46] 
			РўРµРєСЃС‚ РѕС€РёР±РєРё: РЎС‚СЂР°РЅРёС†Р° РЅРµ РЅР°Р№РґРµРЅР° | Р¤Р°Р№Р»: C:\OSPanel\domains\ishop2.loc\public\index.php| РЎС‚СЂРѕРєР°:6
--------------
[2019-05-22 17:33:12] 
			РўРµРєСЃС‚ РѕС€РёР±РєРё: РЎС‚СЂР°РЅРёС†Р° РЅРµ РЅР°Р№РґРµРЅР° | Р¤Р°Р№Р»: C:\OSPanel\domains\ishop2.loc\public\index.php| РЎС‚СЂРѕРєР°:6
--------------
[2019-05-22 17:33:12] 
			РўРµРєСЃС‚ РѕС€РёР±РєРё: РЎС‚СЂР°РЅРёС†Р° РЅРµ РЅР°Р№РґРµРЅР° | Р¤Р°Р№Р»: C:\OSPanel\domains\ishop2.loc\public\index.php| РЎС‚СЂРѕРєР°:6
--------------
[2019-05-22 17:33:12] 
			РўРµРєСЃС‚ РѕС€РёР±РєРё: РЎС‚СЂР°РЅРёС†Р° РЅРµ РЅР°Р№РґРµРЅР° | Р¤Р°Р№Р»: C:\OSPanel\domains\ishop2.loc\public\index.php| РЎС‚СЂРѕРєР°:6
--------------
[2019-05-22 17:33:13] 
			РўРµРєСЃС‚ РѕС€РёР±РєРё: РЎС‚СЂР°РЅРёС†Р° РЅРµ РЅР°Р№РґРµРЅР° | Р¤Р°Р№Р»: C:\OSPanel\domains\ishop2.loc\public\index.php| РЎС‚СЂРѕРєР°:6
--------------
[2019-05-22 17:33:13] 
			РўРµРєСЃС‚ РѕС€РёР±РєРё: РЎС‚СЂР°РЅРёС†Р° РЅРµ РЅР°Р№РґРµРЅР° | Р¤Р°Р№Р»: C:\OSPanel\domains\ishop2.loc\public\index.php| РЎС‚СЂРѕРєР°:6
--------------
[2019-05-22 17:33:13] 
			РўРµРєСЃС‚ РѕС€РёР±РєРё: РЎС‚СЂР°РЅРёС†Р° РЅРµ РЅР°Р№РґРµРЅР° | Р¤Р°Р№Р»: C:\OSPanel\domains\ishop2.loc\public\index.php| РЎС‚СЂРѕРєР°:6
--------------
[2019-05-22 17:34:32] 
			РўРµРєСЃС‚ РѕС€РёР±РєРё: РЎС‚СЂР°РЅРёС†Р° РЅРµ РЅР°Р№РґРµРЅР° | Р¤Р°Р№Р»: C:\OSPanel\domains\ishop2.loc\public\index.php| РЎС‚СЂРѕРєР°:6
--------------
[2019-05-22 17:34:32] 
			РўРµРєСЃС‚ РѕС€РёР±РєРё: РЎС‚СЂР°РЅРёС†Р° РЅРµ РЅР°Р№РґРµРЅР° | Р¤Р°Р№Р»: C:\OSPanel\domains\ishop2.loc\public\index.php| РЎС‚СЂРѕРєР°:6
--------------
[2019-05-22 17:34:32] 
			РўРµРєСЃС‚ РѕС€РёР±РєРё: РЎС‚СЂР°РЅРёС†Р° РЅРµ РЅР°Р№РґРµРЅР° | Р¤Р°Р№Р»: C:\OSPanel\domains\ishop2.loc\public\index.php| РЎС‚СЂРѕРєР°:6
--------------
[2019-05-22 17:35:06] 
			РўРµРєСЃС‚ РѕС€РёР±РєРё: РЎС‚СЂР°РЅРёС†Р° РЅРµ РЅР°Р№РґРµРЅР° | Р¤Р°Р№Р»: C:\OSPanel\domains\ishop2.loc\public\index.php| РЎС‚СЂРѕРєР°:6
--------------
[2019-05-22 17:35:08] 
			РўРµРєСЃС‚ РѕС€РёР±РєРё: РЎС‚СЂР°РЅРёС†Р° РЅРµ РЅР°Р№РґРµРЅР° | Р¤Р°Р№Р»: C:\OSPanel\domains\ishop2.loc\public\index.php| РЎС‚СЂРѕРєР°:6
--------------
[2019-05-22 17:35:09] 
			РўРµРєСЃС‚ РѕС€РёР±РєРё: РЎС‚СЂР°РЅРёС†Р° РЅРµ РЅР°Р№РґРµРЅР° | Р¤Р°Р№Р»: C:\OSPanel\domains\ishop2.loc\public\index.php| РЎС‚СЂРѕРєР°:6
--------------
[2019-05-22 17:35:10] 
			РўРµРєСЃС‚ РѕС€РёР±РєРё: РЎС‚СЂР°РЅРёС†Р° РЅРµ РЅР°Р№РґРµРЅР° | Р¤Р°Р№Р»: C:\OSPanel\domains\ishop2.loc\public\index.php| РЎС‚СЂРѕРєР°:6
--------------
[2019-05-22 17:35:11] 
			РўРµРєСЃС‚ РѕС€РёР±РєРё: РЎС‚СЂР°РЅРёС†Р° РЅРµ РЅР°Р№РґРµРЅР° | Р¤Р°Р№Р»: C:\OSPanel\domains\ishop2.loc\public\index.php| РЎС‚СЂРѕРєР°:6
--------------
[2019-05-22 17:36:03] 
			РўРµРєСЃС‚ РѕС€РёР±РєРё: РЎС‚СЂР°РЅРёС†Р° РЅРµ РЅР°Р№РґРµРЅР° | Р¤Р°Р№Р»: C:\OSPanel\domains\ishop2.loc\public\index.php| РЎС‚СЂРѕРєР°:6
--------------
[2019-05-22 17:36:37] 
			РўРµРєСЃС‚ РѕС€РёР±РєРё: РЎС‚СЂР°РЅРёС†Р° РЅРµ РЅР°Р№РґРµРЅР° | Р¤Р°Р№Р»: C:\OSPanel\domains\ishop2.loc\public\index.php| РЎС‚СЂРѕРєР°:6
--------------
[2019-05-22 17:36:57] 
			РўРµРєСЃС‚ РѕС€РёР±РєРё: РЎС‚СЂР°РЅРёС†Р° РЅРµ РЅР°Р№РґРµРЅР° | Р¤Р°Р№Р»: C:\OSPanel\domains\ishop2.loc\public\index.php| РЎС‚СЂРѕРєР°:6
--------------
[2019-05-30 18:17:07] 
			РўРµРєСЃС‚ РѕС€РёР±РєРё: РЎС‚СЂР°РЅРёС†Р° РЅРµ РЅР°Р№РґРµРЅР° | Р¤Р°Р№Р»: C:\OSPanel\domains\ishop2.loc\public\index.php| РЎС‚СЂРѕРєР°:6
--------------
[2019-05-30 18:17:08] 
			РўРµРєСЃС‚ РѕС€РёР±РєРё: РЎС‚СЂР°РЅРёС†Р° РЅРµ РЅР°Р№РґРµРЅР° | Р¤Р°Р№Р»: C:\OSPanel\domains\ishop2.loc\public\index.php| РЎС‚СЂРѕРєР°:6
--------------
[2019-05-30 18:57:34] 
			РўРµРєСЃС‚ РѕС€РёР±РєРё: Страница не найдена | Р¤Р°Р№Р»: C:\OSPanel\domains\ishop2.loc\vendor\ishop\core\Router.php| РЎС‚СЂРѕРєР°:37
--------------
[2019-05-30 18:57:40] 
			РўРµРєСЃС‚ РѕС€РёР±РєРё: Страница не найдена | Р¤Р°Р№Р»: C:\OSPanel\domains\ishop2.loc\vendor\ishop\core\Router.php| РЎС‚СЂРѕРєР°:37
--------------
[2019-05-30 19:06:33] 
			РўРµРєСЃС‚ РѕС€РёР±РєРё: Call to undefined function ishop\upperCamelCase() | Р¤Р°Р№Р»: C:\OSPanel\domains\ishop2.loc\vendor\ishop\core\Router.php| РЎС‚СЂРѕРєР°:34
--------------
[2019-05-30 19:06:35] 
			РўРµРєСЃС‚ РѕС€РёР±РєРё: Call to undefined function ishop\upperCamelCase() | Р¤Р°Р№Р»: C:\OSPanel\domains\ishop2.loc\vendor\ishop\core\Router.php| РЎС‚СЂРѕРєР°:34
--------------
[2019-05-30 19:06:37] 
			РўРµРєСЃС‚ РѕС€РёР±РєРё: Call to undefined function ishop\upperCamelCase() | Р¤Р°Р№Р»: C:\OSPanel\domains\ishop2.loc\vendor\ishop\core\Router.php| РЎС‚СЂРѕРєР°:34
--------------
[2019-05-30 19:13:27] 
			РўРµРєСЃС‚ РѕС€РёР±РєРё: Class 'app\controllers\PageController' not found | Р¤Р°Р№Р»: C:\OSPanel\domains\ishop2.loc\vendor\ishop\core\Router.php| РЎС‚СЂРѕРєР°:36
--------------
[2019-05-30 19:15:31] 
			РўРµРєСЃС‚ РѕС€РёР±РєРё: Контроллер app\controllers\PageController не найдена | Р¤Р°Р№Р»: C:\OSPanel\domains\ishop2.loc\vendor\ishop\core\Router.php| РЎС‚СЂРѕРєР°:44
--------------
[2019-05-30 19:16:31] 
			РўРµРєСЃС‚ РѕС€РёР±РєРё: Контроллер app\controllers\PageController не найдена | Р¤Р°Р№Р»: C:\OSPanel\domains\ishop2.loc\vendor\ishop\core\Router.php| РЎС‚СЂРѕРєР°:44
--------------
[2019-05-30 19:16:51] 
			РўРµРєСЃС‚ РѕС€РёР±РєРё: Контроллер app\controllers\PageController не найдена | Р¤Р°Р№Р»: C:\OSPanel\domains\ishop2.loc\vendor\ishop\core\Router.php| РЎС‚СЂРѕРєР°:44
--------------
[2019-05-30 19:18:15] 
			РўРµРєСЃС‚ РѕС€РёР±РєРё: Контроллер app\controllers\PageController не найдена | Р¤Р°Р№Р»: C:\OSPanel\domains\ishop2.loc\vendor\ishop\core\Router.php| РЎС‚СЂРѕРєР°:44
--------------
[2019-05-30 19:18:42] 
			РўРµРєСЃС‚ РѕС€РёР±РєРё: Контроллер app\controllers\PageController не найдена | Р¤Р°Р№Р»: C:\OSPanel\domains\ishop2.loc\vendor\ishop\core\Router.php| РЎС‚СЂРѕРєР°:44
--------------
[2019-05-30 19:18:43] 
			РўРµРєСЃС‚ РѕС€РёР±РєРё: Контроллер app\controllers\PageController не найдена | Р¤Р°Р№Р»: C:\OSPanel\domains\ishop2.loc\vendor\ishop\core\Router.php| РЎС‚СЂРѕРєР°:44
--------------
[2019-05-30 19:18:45] 
			РўРµРєСЃС‚ РѕС€РёР±РєРё: Контроллер app\controllers\PageController не найдена | Р¤Р°Р№Р»: C:\OSPanel\domains\ishop2.loc\vendor\ishop\core\Router.php| РЎС‚СЂРѕРєР°:44
--------------
[2019-05-30 19:18:47] 
			РўРµРєСЃС‚ РѕС€РёР±РєРё: Контроллер app\controllers\PageController не найдена | Р¤Р°Р№Р»: C:\OSPanel\domains\ishop2.loc\vendor\ishop\core\Router.php| РЎС‚СЂРѕРєР°:44
--------------
[2019-05-30 19:18:47] 
			РўРµРєСЃС‚ РѕС€РёР±РєРё: Контроллер app\controllers\PageController не найдена | Р¤Р°Р№Р»: C:\OSPanel\domains\ishop2.loc\vendor\ishop\core\Router.php| РЎС‚СЂРѕРєР°:44
--------------
[2019-05-30 19:18:48] 
			РўРµРєСЃС‚ РѕС€РёР±РєРё: Контроллер app\controllers\PageController не найдена | Р¤Р°Р№Р»: C:\OSPanel\domains\ishop2.loc\vendor\ishop\core\Router.php| РЎС‚СЂРѕРєР°:44
--------------
[2019-05-30 19:18:48] 
			РўРµРєСЃС‚ РѕС€РёР±РєРё: Контроллер app\controllers\PageController не найдена | Р¤Р°Р№Р»: C:\OSPanel\domains\ishop2.loc\vendor\ishop\core\Router.php| РЎС‚СЂРѕРєР°:44
--------------
[2019-05-30 19:18:48] 
			РўРµРєСЃС‚ РѕС€РёР±РєРё: Контроллер app\controllers\PageController не найдена | Р¤Р°Р№Р»: C:\OSPanel\domains\ishop2.loc\vendor\ishop\core\Router.php| РЎС‚СЂРѕРєР°:44
--------------
[2019-05-30 19:18:48] 
			РўРµРєСЃС‚ РѕС€РёР±РєРё: Контроллер app\controllers\PageController не найдена | Р¤Р°Р№Р»: C:\OSPanel\domains\ishop2.loc\vendor\ishop\core\Router.php| РЎС‚СЂРѕРєР°:44
--------------
[2019-05-30 19:18:48] 
			РўРµРєСЃС‚ РѕС€РёР±РєРё: Контроллер app\controllers\PageController не найдена | Р¤Р°Р№Р»: C:\OSPanel\domains\ishop2.loc\vendor\ishop\core\Router.php| РЎС‚СЂРѕРєР°:44
--------------
[2019-05-30 19:18:49] 
			РўРµРєСЃС‚ РѕС€РёР±РєРё: Контроллер app\controllers\PageController не найдена | Р¤Р°Р№Р»: C:\OSPanel\domains\ishop2.loc\vendor\ishop\core\Router.php| РЎС‚СЂРѕРєР°:44
--------------
[2019-05-30 19:22:12] 
			РўРµРєСЃС‚ РѕС€РёР±РєРё: Контроллер app\controllers\PageController не найдена | Р¤Р°Р№Р»: C:\OSPanel\domains\ishop2.loc\vendor\ishop\core\Router.php| РЎС‚СЂРѕРєР°:44
--------------
[2019-05-30 19:23:23] 
			РўРµРєСЃС‚ РѕС€РёР±РєРё: Контроллер app\controllers\PageController не найдена | Р¤Р°Р№Р»: C:\OSPanel\domains\ishop2.loc\vendor\ishop\core\Router.php| РЎС‚СЂРѕРєР°:44
--------------
[2019-05-30 19:23:36] 
			РўРµРєСЃС‚ РѕС€РёР±РєРё: Контроллер app\controllers\PageController не найдена | Р¤Р°Р№Р»: C:\OSPanel\domains\ishop2.loc\vendor\ishop\core\Router.php| РЎС‚СЂРѕРєР°:44
--------------
[2019-05-30 19:24:00] 
			РўРµРєСЃС‚ РѕС€РёР±РєРё: Контроллер app\controllers\PageController не найдена | Р¤Р°Р№Р»: C:\OSPanel\domains\ishop2.loc\vendor\ishop\core\Router.php| РЎС‚СЂРѕРєР°:44
--------------
[2019-05-30 19:24:44] 
			РўРµРєСЃС‚ РѕС€РёР±РєРё: Контроллер app\controllers\PageController не найдена | Р¤Р°Р№Р»: C:\OSPanel\domains\ishop2.loc\vendor\ishop\core\Router.php| РЎС‚СЂРѕРєР°:44
--------------
[2019-05-30 19:25:18] 
			РўРµРєСЃС‚ РѕС€РёР±РєРё: РљРѕРЅС‚СЂРѕР»Р»РµСЂ app\controllers\PageController РЅРµ РЅР°Р№РґРµРЅР° | Р¤Р°Р№Р»: C:\OSPanel\domains\ishop2.loc\vendor\ishop\core\Router.php| РЎС‚СЂРѕРєР°:44
--------------
[2019-05-30 19:26:11] 
			РўРµРєСЃС‚ РѕС€РёР±РєРё: РљРѕРЅС‚СЂРѕР»Р»РµСЂ app\controllers\PageController РЅРµ РЅР°Р№РґРµРЅР° | Р¤Р°Р№Р»: C:\OSPanel\domains\ishop2.loc\vendor\ishop\core\Router.php| РЎС‚СЂРѕРєР°:44
--------------
[2019-05-30 19:26:13] 
			РўРµРєСЃС‚ РѕС€РёР±РєРё: РљРѕРЅС‚СЂРѕР»Р»РµСЂ app\controllers\PageController РЅРµ РЅР°Р№РґРµРЅР° | Р¤Р°Р№Р»: C:\OSPanel\domains\ishop2.loc\vendor\ishop\core\Router.php| РЎС‚СЂРѕРєР°:44
--------------
[2019-05-30 19:26:17] 
			РўРµРєСЃС‚ РѕС€РёР±РєРё: РњРµС‚РѕРґ app\controllers\MainController::addAction РЅРµ РЅР°Р№РґРµРЅР° | Р¤Р°Р№Р»: C:\OSPanel\domains\ishop2.loc\vendor\ishop\core\Router.php| РЎС‚СЂРѕРєР°:41
--------------
[2019-05-30 19:28:21] 
			РўРµРєСЃС‚ РѕС€РёР±РєРё: РњРµС‚РѕРґ app\controllers\PageController::indexAction РЅРµ РЅР°Р№РґРµРЅР° | Р¤Р°Р№Р»: C:\OSPanel\domains\ishop2.loc\vendor\ishop\core\Router.php| РЎС‚СЂРѕРєР°:41
--------------
[2019-05-30 19:28:44] 
			РўРµРєСЃС‚ РѕС€РёР±РєРё: РњРµС‚РѕРґ app\controllers\PageController::viewAction РЅРµ РЅР°Р№РґРµРЅР° | Р¤Р°Р№Р»: C:\OSPanel\domains\ishop2.loc\vendor\ishop\core\Router.php| РЎС‚СЂРѕРєР°:41
--------------
[2019-05-30 19:36:31] 
			РўРµРєСЃС‚ РѕС€РёР±РєРё: РњРµС‚РѕРґ app\controllers\MainController::viewAction РЅРµ РЅР°Р№РґРµРЅР° | Р¤Р°Р№Р»: C:\OSPanel\domains\ishop2.loc\vendor\ishop\core\Router.php| РЎС‚СЂРѕРєР°:41
--------------
[2019-06-10 19:39:44] 
			РўРµРєСЃС‚ РѕС€РёР±РєРё: РЎС‚СЂР°РЅРёС†Р° РЅРµ РЅР°Р№РґРµРЅР° | Р¤Р°Р№Р»: /Applications/MAMP/htdocs/myFramework/vendor/ishop/core/Router.php| РЎС‚СЂРѕРєР°:48
--------------
[2019-06-10 20:11:44] 
			РўРµРєСЃС‚ РѕС€РёР±РєРё: РќРµ РЅР°Р№РґРµРЅ С€Р°Р±Р»РѕРЅ (/Applications/MAMP/htdocs/myFramework/app/views/loyouts/default.php) | Р¤Р°Р№Р»: /Applications/MAMP/htdocs/myFramework/vendor/ishop/core/base/View.php| РЎС‚СЂРѕРєР°:54
--------------
[2019-06-10 20:24:01] 
			РўРµРєСЃС‚ РѕС€РёР±РєРё: Call to undefined method ishop\base\View::getMeta() | Р¤Р°Р№Р»: /Applications/MAMP/htdocs/myFramework/app/views/layouts/default.php| РЎС‚СЂРѕРєР°:5
--------------
